0 info it worked if it ends with ok
1 verbose cli [ '/usr/bin/nodejs', '/usr/bin/npm', 'run', 'dev' ]
2 info using npm@3.10.9
3 info using node@v6.9.2
4 verbose run-script [ 'predev', 'dev', 'postdev' ]
5 info lifecycle react-starter@0.0.2~predev: react-starter@0.0.2
6 silly lifecycle react-starter@0.0.2~predev: no script for predev, continuing
7 info lifecycle react-starter@0.0.2~dev: react-starter@0.0.2
8 verbose lifecycle react-starter@0.0.2~dev: unsafe-perm in lifecycle true
9 verbose lifecycle react-starter@0.0.2~dev: PATH: /usr/lib/node_modules/npm/bin/node-gyp-bin:/media/naufal/DATA/CURRENT/www/react-starter/node_modules/.bin:/home/naufal/.sdkman/candidates/gradle/current/bin:~/.composer/vendor/bin:/usr/local/sbin:/usr/local/bin:/usr/sbin:/usr/bin:/sbin:/bin:/usr/games:/usr/local/games:/usr/lib/jvm/java-8-oracle/bin:/usr/lib/jvm/java-8-oracle/db/bin:/usr/lib/jvm/java-8-oracle/jre/bin:/usr/local/go/bin:~/bin:/home/naufal/Android/Sdk/tools
10 verbose lifecycle react-starter@0.0.2~dev: CWD: /media/naufal/DATA/CURRENT/www/react-starter
11 silly lifecycle react-starter@0.0.2~dev: Args: [ '-c', 'webpack-dev-server --inline --hot' ]
12 silly lifecycle react-starter@0.0.2~dev: Returned: code: 1  signal: null
13 info lifecycle react-starter@0.0.2~dev: Failed to exec dev script
14 verbose stack Error: react-starter@0.0.2 dev: `webpack-dev-server --inline --hot`
14 verbose stack Exit status 1
14 verbose stack     at EventEmitter.<anonymous> (/usr/lib/node_modules/npm/lib/utils/lifecycle.js:255:16)
14 verbose stack     at emitTwo (events.js:106:13)
14 verbose stack     at EventEmitter.emit (events.js:191:7)
14 verbose stack     at ChildProcess.<anonymous> (/usr/lib/node_modules/npm/lib/utils/spawn.js:40:14)
14 verbose stack     at emitTwo (events.js:106:13)
14 verbose stack     at ChildProcess.emit (events.js:191:7)
14 verbose stack     at maybeClose (internal/child_process.js:877:16)
14 verbose stack     at Process.ChildProcess._handle.onexit (internal/child_process.js:226:5)
15 verbose pkgid react-starter@0.0.2
16 verbose cwd /media/naufal/DATA/CURRENT/www/react-starter
17 error Linux 3.19.0-25-generic
18 error argv "/usr/bin/nodejs" "/usr/bin/npm" "run" "dev"
19 error node v6.9.2
20 error npm  v3.10.9
21 error code ELIFECYCLE
22 error react-starter@0.0.2 dev: `webpack-dev-server --inline --hot`
22 error Exit status 1
23 error Failed at the react-starter@0.0.2 dev script 'webpack-dev-server --inline --hot'.
23 error Make sure you have the latest version of node.js and npm installed.
23 error If you do, this is most likely a problem with the react-starter package,
23 error not with npm itself.
23 error Tell the author that this fails on your system:
23 error     webpack-dev-server --inline --hot
23 error You can get information on how to open an issue for this project with:
23 error     npm bugs react-starter
23 error Or if that isn't available, you can get their info via:
23 error     npm owner ls react-starter
23 error There is likely additional logging output above.
24 verbose exit [ 1, true ]
